<?xml version="1.0" encoding="UTF-8"?>
<!-- Generated by org.testng.reporters.JUnitXMLReporter -->
<testsuite hostname="MAY60" name="ecms-sniff" tests="1" failures="1" timestamp="9 Aug 2013 10:16:58 GMT" time="8.271" errors="0">
  <testcase name="test01" time="8.247" classname="test.test">
    <failure type="org.openqa.selenium.WebDriverException" message="Component returned failure code: 0x804b000a (NS_ERROR_MALFORMED_URI) [nsIIOService.newURI]
Command duration or timeout: 11 milliseconds
Build info: version: &amp;apos;2.34.0&amp;apos;, revision: &amp;apos;11cd0ef93615408e0b6b3bfa28defe125906461a&amp;apos;, time: &amp;apos;2013-08-06 11:43:14&amp;apos;
System info: os.name: &amp;apos;Linux&amp;apos;, os.arch: &amp;apos;amd64&amp;apos;, os.version: &amp;apos;3.2.0-51-generic&amp;apos;, java.version: &amp;apos;1.6.0_27&amp;apos;
Session ID: a13c653e-e795-44e6-98fb-fc87059b3ab5
Driver info: org.openqa.selenium.firefox.FirefoxDriver
Capabilities [{platform=LINUX, acceptSslCerts=true, javascriptEnabled=true, browserName=firefox, rotatable=false, locationContextEnabled=true, version=22.0, cssSelectorsEnabled=true, databaseEnabled=true, handlesAlerts=true, browserConnectionEnabled=true, nativeEvents=false, webStorageEnabled=true, applicationCacheEnabled=true, takesScreenshot=true}]">
      <![CDATA[org.openqa.selenium.WebDriverException: Component returned failure code: 0x804b000a (NS_ERROR_MALFORMED_URI) [nsIIOService.newURI]
Command duration or timeout: 11 milliseconds
Build info: version: '2.34.0', revision: '11cd0ef93615408e0b6b3bfa28defe125906461a', time: '2013-08-06 11:43:14'
System info: os.name: 'Linux', os.arch: 'amd64', os.version: '3.2.0-51-generic', java.version: '1.6.0_27'
Session ID: a13c653e-e795-44e6-98fb-fc87059b3ab5
Driver info: org.openqa.selenium.firefox.FirefoxDriver
Capabilities [{platform=LINUX, acceptSslCerts=true, javascriptEnabled=true, browserName=firefox, rotatable=false, locationContextEnabled=true, version=22.0, cssSelectorsEnabled=true, databaseEnabled=true, handlesAlerts=true, browserConnectionEnabled=true, nativeEvents=false, webStorageEnabled=true, applicationCacheEnabled=true, takesScreenshot=true}]
	at org.openqa.selenium.remote.ErrorHandler.createThrowable(ErrorHandler.java:191)
	at org.openqa.selenium.remote.ErrorHandler.throwIfResponseFailed(ErrorHandler.java:145)
	at org.openqa.selenium.remote.RemoteWebDriver.execute(RemoteWebDriver.java:554)
	at org.openqa.selenium.remote.RemoteWebDriver.get(RemoteWebDriver.java:276)
	at test.test.test01(test.java:33)
	at org.apache.maven.surefire.testng.TestNGExecutor.run(TestNGExecutor.java:178)
	at org.apache.maven.surefire.testng.TestNGXmlTestSuite.execute(TestNGXmlTestSuite.java:92)
	at org.apache.maven.surefire.testng.TestNGProvider.invoke(TestNGProvider.java:96)
	at org.apache.maven.surefire.util.ReflectionUtils.invokeMethodWithArray2(ReflectionUtils.java:208)
	at org.apache.maven.surefire.booter.ProviderFactory$ProviderProxy.invoke(ProviderFactory.java:159)
	at org.apache.maven.surefire.booter.ProviderFactory.invokeProvider(ProviderFactory.java:87)
	at org.apache.maven.surefire.booter.ForkedBooter.runSuitesInProcess(ForkedBooter.java:153)
	at org.apache.maven.surefire.booter.ForkedBooter.main(ForkedBooter.java:95)
Caused by: org.openqa.selenium.remote.ErrorHandler$UnknownServerException: Component returned failure code: 0x804b000a (NS_ERROR_MALFORMED_URI) [nsIIOService.newURI]
Build info: version: '2.34.0', revision: '11cd0ef93615408e0b6b3bfa28defe125906461a', time: '2013-08-06 11:43:14'
System info: os.name: 'Linux', os.arch: 'amd64', os.version: '3.2.0-51-generic', java.version: '1.6.0_27'
Driver info: driver.version: unknown
... Removed 29 stack frames]]>
    </failure>
  </testcase>
</testsuite>
